0 info it worked if it ends with ok
1 verbose cli [ 'F:\\environment\\nodejs\\node.exe',
1 verbose cli   'C:\\Users\\admin\\AppData\\Roaming\\npm\\node_modules\\npm\\bin\\npm-cli.js',
1 verbose cli   'run',
1 verbose cli   'build' ]
2 info using npm@4.0.3
3 info using node@v8.7.0
4 verbose run-script [ 'prebuild', 'build', 'postbuild' ]
5 info lifecycle babel-webpack@1.0.0~prebuild: babel-webpack@1.0.0
6 silly lifecycle babel-webpack@1.0.0~prebuild: no script for prebuild, continuing
7 info lifecycle babel-webpack@1.0.0~build: babel-webpack@1.0.0
8 verbose lifecycle babel-webpack@1.0.0~build: unsafe-perm in lifecycle true
9 verbose lifecycle babel-webpack@1.0.0~build: PATH: C:\Users\admin\AppData\Roaming\npm\node_modules\npm\bin\node-gyp-bin;F:\github\node-js\twindyorg\node\babel\03-babel-webpack\node_modules\.bin;F:\environment\Git\mingw64\bin;F:\environment\Git\usr\bin;C:\Users\admin\bin;C:\Program Files\ImageMagick-6.9.2-Q16;F:\jdk1.7\bin;F:\jdk1.7\jre\bin;F:\python\python3.4.2;F:\python\python3.4.2\Scripts;F:\database\mongodb\3.4.2\bin;F:\php\php5\dev;F:\php\php5;C:\Program Files (x86)\Common Files\NetSarang;C:\WINDOWS\system32;C:\WINDOWS;C:\WINDOWS\System32\Wbem;C:\WINDOWS\System32\WindowsPowerShell\v1.0;F:\database\mysql\MySQL Server 5.4\bin;F:\ruby1.9.3\Ruby193\bin;F:\Brackets\command;F:\environment\go\bin;F:\environment\nodejs;F:\environment\Git\cmd;F:\maven\apache-maven-3.2.5\bin;F:\Program Files\MySQL\MySQL Server 5.6\bin;F:\android\apache-ant-1.9.4-bin\apache-ant-1.9.4\bin;F:\android\adt-bundle-windows-x86_64-20140702\adt-bundle-windows-x86_64-20140702\sdk\platform-tools;F:\android\adt-bundle-windows-x86_64-20140702\adt-bundle-windows-x86_64-20140702\sdk\tools;F:\node\nodejs\node_modules\npm\bin\npm;F:\environment\GnuWin32\bin;C:\Users\admin\AppData\Local\atom\bin;C:\Users\admin\AppData\Local\Programs\Fiddler;C:\Users\admin\AppData\Roaming\npm;F:\environment\Microsoft VS Code\bin
10 verbose lifecycle babel-webpack@1.0.0~build: CWD: F:\github\node-js\twindyorg\node\babel\03-babel-webpack
11 silly lifecycle babel-webpack@1.0.0~build: Args: [ '/d /s /c', 'webpack' ]
12 silly lifecycle babel-webpack@1.0.0~build: Returned: code: 2  signal: null
13 info lifecycle babel-webpack@1.0.0~build: Failed to exec build script
14 verbose stack Error: babel-webpack@1.0.0 build: `webpack`
14 verbose stack Exit status 2
14 verbose stack     at EventEmitter.<anonymous> (C:\Users\admin\AppData\Roaming\npm\node_modules\npm\lib\utils\lifecycle.js:279:16)
14 verbose stack     at emitTwo (events.js:125:13)
14 verbose stack     at EventEmitter.emit (events.js:213:7)
14 verbose stack     at ChildProcess.<anonymous> (C:\Users\admin\AppData\Roaming\npm\node_modules\npm\lib\utils\spawn.js:40:14)
14 verbose stack     at emitTwo (events.js:125:13)
14 verbose stack     at ChildProcess.emit (events.js:213:7)
14 verbose stack     at maybeClose (internal/child_process.js:927:16)
14 verbose stack     at Process.ChildProcess._handle.onexit (internal/child_process.js:211:5)
15 verbose pkgid babel-webpack@1.0.0
16 verbose cwd F:\github\node-js\twindyorg\node\babel\03-babel-webpack
17 error Windows_NT 10.0.10586
18 error argv "F:\\environment\\nodejs\\node.exe" "C:\\Users\\admin\\AppData\\Roaming\\npm\\node_modules\\npm\\bin\\npm-cli.js" "run" "build"
19 error node v8.7.0
20 error npm  v4.0.3
21 error code ELIFECYCLE
22 error babel-webpack@1.0.0 build: `webpack`
22 error Exit status 2
23 error Failed at the babel-webpack@1.0.0 build script 'webpack'.
23 error Make sure you have the latest version of node.js and npm installed.
23 error If you do, this is most likely a problem with the babel-webpack package,
23 error not with npm itself.
23 error Tell the author that this fails on your system:
23 error     webpack
23 error You can get information on how to open an issue for this project with:
23 error     npm bugs babel-webpack
23 error Or if that isn't available, you can get their info via:
23 error     npm owner ls babel-webpack
23 error There is likely additional logging output above.
24 verbose exit [ 1, true ]
